TN:
SF:/home/adriano/Desenvolvimento/otus-solutions/participant-app/source/web/polyfills.ts
FNF:0
FNH:0
DA:46,1
DA:74,1
LF:2
LH:2
BRF:0
BRH:0
end_of_record
TN:
SF:/home/adriano/Desenvolvimento/otus-solutions/participant-app/source/web/test.ts
FNF:0
FNH:0
DA:3,1
DA:4,1
DA:5,1
DA:13,1
DA:18,1
DA:20,1
LF:6
LH:6
BRF:0
BRH:0
end_of_record
TN:
SF:/home/adriano/Desenvolvimento/otus-solutions/participant-app/source/web/app/app.component.ts
FN:15,(anonymous_3)
FN:24,AppComponent
FN:32,(anonymous_5)
FN:43,(anonymous_6)
FN:47,(anonymous_7)
FN:48,(anonymous_8)
FN:54,(anonymous_9)
FN:58,(anonymous_10)
FNF:8
FNH:3
FNDA:1,(anonymous_3)
FNDA:2,AppComponent
FNDA:2,(anonymous_5)
FNDA:0,(anonymous_6)
FNDA:0,(anonymous_7)
FNDA:0,(anonymous_8)
FNDA:0,(anonymous_9)
FNDA:0,(anonymous_10)
DA:1,1
DA:3,1
DA:4,1
DA:5,1
DA:6,1
DA:7,1
DA:15,1
DA:16,2
DA:22,1
DA:24,2
DA:25,2
DA:26,2
DA:27,2
DA:28,2
DA:29,2
DA:30,2
DA:32,2
DA:33,2
DA:34,2
DA:35,2
DA:42,2
DA:43,2
DA:44,2
DA:47,1
DA:48,0
DA:49,0
DA:50,0
DA:54,1
DA:55,0
DA:58,1
DA:59,0
DA:62,1
LF:32
LH:27
BRDA:34,0,0,2
BRDA:34,0,1,0
BRDA:55,1,0,0
BRDA:55,1,1,0
BRDA:55,1,2,0
BRF:5
BRH:1
end_of_record
TN:
SF:/home/adriano/Desenvolvimento/otus-solutions/participant-app/source/web/app/components/account/create-account/create-account.component.ts
FN:16,(anonymous_3)
FN:25,CreateAccountComponent
FN:38,(anonymous_5)
FN:48,(anonymous_6)
FN:52,(anonymous_7)
FN:70,(anonymous_8)
FN:74,(anonymous_9)
FN:80,(anonymous_10)
FNF:8
FNH:8
FNDA:1,(anonymous_3)
FNDA:7,CreateAccountComponent
FNDA:5,(anonymous_5)
FNDA:14,(anonymous_6)
FNDA:4,(anonymous_7)
FNDA:1,(anonymous_8)
FNDA:1,(anonymous_9)
FNDA:1,(anonymous_10)
DA:1,1
DA:2,1
DA:3,1
DA:4,1
DA:5,1
DA:6,1
DA:7,1
DA:9,1
DA:16,1
DA:17,7
DA:20,7
DA:21,7
DA:22,7
DA:26,7
DA:27,7
DA:28,7
DA:29,7
DA:30,7
DA:31,7
DA:33,7
DA:34,0
DA:38,1
DA:39,5
DA:40,5
DA:48,1
DA:49,14
DA:52,4
DA:53,4
DA:55,4
DA:57,4
DA:58,1
DA:59,1
DA:62,4
DA:63,2
DA:66,2
DA:67,2
DA:71,1
DA:72,1
DA:75,1
DA:76,1
DA:80,1
DA:81,1
DA:83,1
LF:43
LH:42
BRDA:33,0,0,0
BRDA:33,0,1,7
BRDA:57,1,0,1
BRDA:57,1,1,3
BRDA:62,2,0,2
BRDA:62,2,1,2
BRF:6
BRH:5
end_of_record
TN:
SF:/home/adriano/Desenvolvimento/otus-solutions/participant-app/source/web/app/components/account/login/login.component.ts
FN:15,(anonymous_3)
FN:26,LoginComponent
FN:38,(anonymous_5)
FN:46,(anonymous_6)
FN:50,(anonymous_7)
FN:63,(anonymous_8)
FN:66,(anonymous_9)
FNF:7
FNH:7
FNDA:1,(anonymous_3)
FNDA:5,LoginComponent
FNDA:9,(anonymous_5)
FNDA:46,(anonymous_6)
FNDA:5,(anonymous_7)
FNDA:2,(anonymous_8)
FNDA:1,(anonymous_9)
DA:1,1
DA:2,1
DA:3,1
DA:4,1
DA:5,1
DA:6,1
DA:8,1
DA:15,1
DA:17,5
DA:18,5
DA:21,5
DA:22,5
DA:24,5
DA:27,5
DA:28,5
DA:29,5
DA:30,5
DA:31,5
DA:33,5
DA:34,0
DA:38,1
DA:39,9
DA:43,9
DA:46,1
DA:47,46
DA:50,5
DA:51,5
DA:53,5
DA:55,5
DA:56,2
DA:59,3
DA:60,3
DA:64,2
DA:67,1
DA:68,1
DA:71,1
LF:36
LH:35
BRDA:33,0,0,0
BRDA:33,0,1,5
BRDA:43,1,0,9
BRDA:43,1,1,8
BRDA:55,2,0,2
BRDA:55,2,1,3
BRF:6
BRH:5
end_of_record
TN:
SF:/home/adriano/Desenvolvimento/otus-solutions/participant-app/source/web/app/components/alert/app-alert.component.ts
FN:16,(anonymous_3)
FN:20,AppAlertComponent
FN:23,(anonymous_5)
FN:25,(anonymous_6)
FN:41,(anonymous_7)
FNF:5
FNH:5
FNDA:1,(anonymous_3)
FNDA:7,AppAlertComponent
FNDA:9,(anonymous_5)
FNDA:6,(anonymous_6)
FNDA:8,(anonymous_7)
DA:1,1
DA:4,1
DA:16,1
DA:20,7
DA:23,9
DA:24,9
DA:26,6
DA:27,6
DA:29,1
DA:30,1
DA:32,1
DA:33,1
DA:37,6
DA:41,1
DA:42,8
DA:43,6
DA:47,1
LF:17
LH:17
BRDA:26,0,0,6
BRDA:26,0,1,0
BRDA:26,1,0,6
BRDA:26,1,1,6
BRDA:28,2,0,1
BRDA:28,2,1,1
BRDA:27,3,0,6
BRDA:27,3,1,6
BRDA:42,4,0,6
BRDA:42,4,1,2
BRF:10
BRH:9
end_of_record
TN:
SF:/home/adriano/Desenvolvimento/otus-solutions/participant-app/source/web/app/components/dashboard/dashboard.component.ts
FN:10,(anonymous_3)
FN:15,DashboardComponent
FN:16,(anonymous_5)
FN:19,(anonymous_6)
FN:21,(anonymous_7)
FNF:5
FNH:5
FNDA:1,(anonymous_3)
FNDA:10,DashboardComponent
FNDA:10,(anonymous_5)
FNDA:2,(anonymous_6)
FNDA:2,(anonymous_7)
DA:1,1
DA:2,1
DA:3,1
DA:10,1
DA:12,10
DA:15,10
DA:16,10
DA:19,2
DA:20,2
DA:21,2
DA:24,1
LF:11
LH:11
BRF:0
BRH:0
end_of_record
TN:
SF:/home/adriano/Desenvolvimento/otus-solutions/participant-app/source/web/app/components/dashboard/tasks/events/activity/activity-autofill-event.component.ts
FN:10,(anonymous_3)
FN:13,ActivityAutofillEventComponent
FN:16,(anonymous_5)
FNF:3
FNH:1
FNDA:1,(anonymous_3)
FNDA:0,ActivityAutofillEventComponent
FNDA:0,(anonymous_5)
DA:1,1
DA:10,1
DA:11,1
DA:13,0
DA:16,1
DA:17,0
DA:19,1
LF:7
LH:5
BRF:0
BRH:0
end_of_record
TN:
SF:/home/adriano/Desenvolvimento/otus-solutions/participant-app/source/web/app/components/error-page/error-page.component.ts
FN:9,(anonymous_3)
FN:15,ErrorPageComponent
FN:20,(anonymous_5)
FN:37,(anonymous_6)
FNF:4
FNH:4
FNDA:1,(anonymous_3)
FNDA:2,ErrorPageComponent
FNDA:3,(anonymous_5)
FNDA:1,(anonymous_6)
DA:1,1
DA:2,1
DA:9,1
DA:16,2
DA:17,2
DA:20,1
DA:21,3
DA:22,1
DA:23,1
DA:24,1
DA:25,1
DA:31,2
DA:33,3
DA:34,3
DA:37,1
DA:38,1
DA:40,1
LF:17
LH:17
BRDA:21,0,0,1
BRDA:21,0,1,2
BRDA:24,1,0,1
BRDA:24,1,1,0
BRDA:33,2,0,3
BRDA:33,2,1,3
BRDA:34,3,0,3
BRDA:34,3,1,3
BRF:8
BRH:7
end_of_record
TN:
SF:/home/adriano/Desenvolvimento/otus-solutions/participant-app/source/web/app/model/index.ts
FNF:0
FNH:0
DA:1,1
LF:1
LH:1
BRF:0
BRH:0
end_of_record
TN:
SF:/home/adriano/Desenvolvimento/otus-solutions/participant-app/source/web/app/model/account/user.ts
FN:1,(anonymous_1)
FN:16,(anonymous_3)
FN:28,(anonymous_4)
FNF:3
FNH:3
FNDA:5,(anonymous_1)
FNDA:3,(anonymous_3)
FNDA:1,(anonymous_4)
DA:1,1
DA:16,1
DA:17,3
DA:18,3
DA:19,3
DA:20,3
DA:21,3
DA:22,3
DA:23,3
DA:24,0
DA:28,1
DA:29,1
DA:38,1
LF:13
LH:12
BRDA:23,0,0,0
BRDA:23,0,1,3
BRF:2
BRH:1
end_of_record
TN:
SF:/home/adriano/Desenvolvimento/otus-solutions/participant-app/source/web/app/providers/alert.service.ts
FN:6,(anonymous_3)
FN:10,AlertService
FN:11,(anonymous_5)
FN:22,(anonymous_6)
FN:26,(anonymous_7)
FN:31,(anonymous_8)
FN:36,(anonymous_9)
FNF:7
FNH:7
FNDA:1,(anonymous_3)
FNDA:26,AlertService
FNDA:36,(anonymous_5)
FNDA:8,(anonymous_6)
FNDA:2,(anonymous_7)
FNDA:3,(anonymous_8)
FNDA:11,(anonymous_9)
DA:1,1
DA:2,1
DA:3,1
DA:6,1
DA:7,26
DA:8,26
DA:10,26
DA:11,26
DA:12,36
DA:13,4
DA:14,1
DA:16,3
DA:22,1
DA:23,8
DA:26,4
DA:27,2
DA:28,2
DA:31,6
DA:32,3
DA:33,3
DA:36,1
DA:37,11
DA:39,1
LF:23
LH:23
BRDA:12,0,0,4
BRDA:12,0,1,32
BRDA:13,1,0,1
BRDA:13,1,1,3
BRDA:26,2,0,2
BRDA:26,2,1,0
BRDA:31,3,0,3
BRDA:31,3,1,0
BRF:8
BRH:6
end_of_record
TN:
SF:/home/adriano/Desenvolvimento/otus-solutions/participant-app/source/web/app/providers/event.service.ts
FN:6,(anonymous_3)
FN:8,EventService
FN:11,(anonymous_5)
FN:17,(anonymous_6)
FN:21,(anonymous_7)
FN:25,(anonymous_8)
FNF:6
FNH:3
FNDA:1,(anonymous_3)
FNDA:4,EventService
FNDA:0,(anonymous_5)
FNDA:0,(anonymous_6)
FNDA:0,(anonymous_7)
FNDA:2,(anonymous_8)
DA:1,1
DA:2,1
DA:3,1
DA:6,1
DA:8,4
DA:11,1
DA:12,0
DA:17,1
DA:18,0
DA:21,1
DA:22,0
DA:25,1
DA:26,2
DA:28,1
LF:14
LH:11
BRF:0
BRH:0
end_of_record
TN:
SF:/home/adriano/Desenvolvimento/otus-solutions/participant-app/source/web/app/providers/index.ts
FNF:0
FNH:0
DA:1,1
DA:2,1
DA:3,1
DA:4,1
LF:4
LH:4
BRF:0
BRH:0
end_of_record
TN:
SF:/home/adriano/Desenvolvimento/otus-solutions/participant-app/source/web/app/providers/account/authentication/authentication.service.ts
FN:8,(anonymous_3)
FN:12,AuthenticationService
FN:24,(anonymous_5)
FN:28,(anonymous_6)
FN:32,(anonymous_7)
FN:36,(anonymous_8)
FN:37,(anonymous_9)
FN:46,(anonymous_10)
FN:47,(anonymous_11)
FN:53,(anonymous_12)
FNF:10
FNH:4
FNDA:1,(anonymous_3)
FNDA:25,AuthenticationService
FNDA:13,(anonymous_5)
FNDA:2,(anonymous_6)
FNDA:0,(anonymous_7)
FNDA:0,(anonymous_8)
FNDA:0,(anonymous_9)
FNDA:0,(anonymous_10)
FNDA:0,(anonymous_11)
FNDA:0,(anonymous_12)
DA:1,1
DA:2,1
DA:3,1
DA:4,1
DA:5,1
DA:8,1
DA:12,25
DA:13,25
DA:14,25
DA:15,0
DA:16,0
DA:17,0
DA:19,25
DA:21,25
DA:24,1
DA:25,13
DA:28,1
DA:29,2
DA:32,1
DA:33,0
DA:36,1
DA:37,0
DA:38,0
DA:39,0
DA:40,0
DA:41,0
DA:42,0
DA:46,1
DA:47,0
DA:48,0
DA:49,0
DA:53,1
DA:54,0
DA:55,0
DA:56,0
DA:57,0
DA:59,1
LF:37
LH:20
BRDA:14,0,0,0
BRDA:14,0,1,25
BRF:2
BRH:1
end_of_record
TN:
SF:/home/adriano/Desenvolvimento/otus-solutions/participant-app/source/web/app/providers/rest/account-client.service.ts
FN:12,(anonymous_3)
FN:14,AccountClientService
FN:22,(anonymous_5)
FN:24,(anonymous_6)
FN:31,(anonymous_7)
FN:39,(anonymous_8)
FN:49,(anonymous_9)
FNF:7
FNH:6
FNDA:1,(anonymous_3)
FNDA:29,AccountClientService
FNDA:1,(anonymous_5)
FNDA:1,(anonymous_6)
FNDA:1,(anonymous_7)
FNDA:1,(anonymous_8)
FNDA:0,(anonymous_9)
DA:1,1
DA:2,1
DA:3,1
DA:4,1
DA:5,1
DA:7,1
DA:12,1
DA:14,29
DA:15,29
DA:16,0
DA:18,29
DA:22,1
DA:23,1
DA:25,1
DA:26,0
DA:27,0
DA:31,1
DA:32,1
DA:33,1
DA:34,1
DA:35,1
DA:39,1
DA:40,1
DA:41,1
DA:42,1
DA:49,1
DA:50,0
DA:51,0
DA:52,0
DA:58,1
LF:30
LH:24
BRDA:15,0,0,0
BRDA:15,0,1,29
BRF:2
BRH:1
end_of_record
TN:
SF:/home/adriano/Desenvolvimento/otus-solutions/participant-app/source/web/app/providers/rest/event-client.service.ts
FN:12,(anonymous_3)
FN:15,EventClientService
FN:23,(anonymous_5)
FNF:3
FNH:3
FNDA:1,(anonymous_3)
FNDA:6,EventClientService
FNDA:2,(anonymous_5)
DA:1,1
DA:2,1
DA:3,1
DA:4,1
DA:7,1
DA:12,1
DA:15,6
DA:16,6
DA:17,0
DA:19,6
DA:23,1
DA:24,2
DA:46,2
DA:47,2
DA:50,1
LF:15
LH:14
BRDA:16,0,0,0
BRDA:16,0,1,6
BRF:2
BRH:1
end_of_record
TN:
SF:/home/adriano/Desenvolvimento/otus-solutions/participant-app/source/web/app/utils/index.ts
FNF:0
FNH:0
DA:1,1
DA:2,1
DA:3,1
DA:4,1
LF:4
LH:4
BRF:0
BRH:0
end_of_record
TN:
SF:/home/adriano/Desenvolvimento/otus-solutions/participant-app/source/web/app/utils/interceptor/auth.guard.ts
FN:8,(anonymous_3)
FN:9,AuthGuard
FN:15,(anonymous_5)
FNF:3
FNH:3
FNDA:1,(anonymous_3)
FNDA:3,AuthGuard
FNDA:2,(anonymous_5)
DA:1,1
DA:2,1
DA:3,1
DA:8,1
DA:10,3
DA:11,3
DA:15,1
DA:16,2
DA:18,2
DA:19,1
DA:22,1
DA:23,1
DA:25,1
LF:13
LH:13
BRDA:18,0,0,1
BRDA:18,0,1,1
BRF:2
BRH:2
end_of_record
TN:
SF:/home/adriano/Desenvolvimento/otus-solutions/participant-app/source/web/app/utils/interceptor/error.interceptor.ts
FN:10,(anonymous_3)
FN:12,ErrorInterceptor
FN:17,(anonymous_5)
FN:18,(anonymous_6)
FNF:4
FNH:4
FNDA:1,(anonymous_3)
FNDA:4,ErrorInterceptor
FNDA:4,(anonymous_5)
FNDA:3,(anonymous_6)
DA:1,1
DA:3,1
DA:4,1
DA:5,1
DA:6,1
DA:10,1
DA:13,4
DA:14,4
DA:17,4
DA:18,4
DA:19,3
DA:21,3
DA:22,1
DA:23,1
DA:24,1
DA:25,2
DA:26,1
DA:27,1
DA:36,3
DA:37,2
DA:40,3
DA:41,2
DA:44,1
LF:23
LH:23
BRDA:21,0,0,1
BRDA:21,0,1,2
BRDA:25,1,0,1
BRDA:25,1,1,1
BRDA:36,2,0,2
BRDA:36,2,1,1
BRDA:40,3,0,3
BRDA:40,3,1,2
BRDA:40,3,2,0
BRF:9
BRH:8
end_of_record
TN:
SF:/home/adriano/Desenvolvimento/otus-solutions/participant-app/source/web/app/utils/interceptor/jwt.interceptor.ts
FN:10,(anonymous_3)
FN:11,JwtInterceptor
FN:13,(anonymous_5)
FNF:3
FNH:2
FNDA:1,(anonymous_3)
FNDA:2,JwtInterceptor
FNDA:0,(anonymous_5)
DA:1,1
DA:4,1
DA:5,1
DA:6,1
DA:10,1
DA:11,2
DA:13,1
DA:14,0
DA:15,0
DA:18,0
DA:19,0
DA:25,0
DA:27,1
LF:13
LH:8
BRDA:16,0,0,0
BRDA:16,0,1,0
BRDA:18,1,0,0
BRDA:18,1,1,0
BRDA:18,2,0,0
BRDA:18,2,1,0
BRF:6
BRH:0
end_of_record
TN:
SF:/home/adriano/Desenvolvimento/otus-solutions/participant-app/source/web/app/utils/must-match/must-math.ts
FN:4,MustMatch
FN:5,(anonymous_2)
FNF:2
FNH:2
FNDA:5,MustMatch
FNDA:11,(anonymous_2)
DA:4,1
DA:5,5
DA:6,11
DA:7,11
DA:9,11
DA:10,8
DA:13,3
DA:14,1
DA:16,2
LF:9
LH:9
BRDA:9,0,0,8
BRDA:9,0,1,3
BRDA:9,1,0,11
BRDA:9,1,1,8
BRDA:13,2,0,1
BRDA:13,2,1,2
BRF:6
BRH:6
end_of_record
TN:
SF:/home/adriano/Desenvolvimento/otus-solutions/participant-app/source/web/app/utils/sanitize-html/sanitize-html.pipe.ts
FN:7,(anonymous_3)
FN:9,SanitizeHtmlPipe
FN:12,(anonymous_5)
FNF:3
FNH:3
FNDA:1,(anonymous_3)
FNDA:13,SanitizeHtmlPipe
FNDA:10,(anonymous_5)
DA:1,1
DA:2,1
DA:7,1
DA:9,13
DA:12,1
DA:13,10
DA:15,1
LF:7
LH:7
BRF:0
BRH:0
end_of_record
TN:
SF:/home/adriano/Desenvolvimento/otus-solutions/participant-app/source/web/environments/environment.ts
FNF:0
FNH:0
DA:1,1
LF:1
LH:1
BRF:0
BRH:0
end_of_record
